<?xml version="1.0" encoding="UTF-8"?>
<!-- Generated by org.testng.reporters.JUnitReportReporter -->
<testsuite skipped="0" hostname="LAPTOP-SRR2B8KR" name="RestAssuredTestArticle.POSTTest" tests="1" failures="0" timestamp="11 мар 2019 10:03:38 GMT" time="5.709" errors="0">
  <testcase name="postRequestExampleTest" time="5.709" classname="RestAssuredTestArticle.POSTTest"/>
</testsuite> <!-- RestAssuredTestArticle.POSTTest -->
